<?xml version="1.0" encoding="UTF-8"?>
<study xmlns="http://www.sieuferd.com/namespaces/studycaster-configuration"
       xmlns:h="http://www.w3.org/1999/xhtml">
  <instructions>
    <html xmlns="http://www.w3.org/1999/xhtml">
      <b>Instructions:</b>
      <ol>
        <li>Edit the spreadsheet that opened in another window<br/>
            (according to the instructions in the HIT).</li>
        <li>Save and close the spreadsheet</li>
        <li>Click the button below.</li>
        <li>Paste the confirmation code into the HIT.</li>
      </ol>
      <p align="right">
        Thanks!<br/>
        <a href="mailto:ebakke@mit.edu">ebakke@mit.edu</a>
      </p>
    </html>
  </instructions>
</study>
